<?xml version="1.0" encoding="UTF-8"?>
<testng-results ignored="0" total="1" passed="1" failed="0" skipped="0">
  <reporter-output>
    <line>
      <![CDATA[Entering Email]]>
    </line>
    <line>
      <![CDATA[Clicking Login Button]]>
    </line>
    <line>
      <![CDATA[Entering Email]]>
    </line>
    <line>
      <![CDATA[Entering Password]]>
    </line>
    <line>
      <![CDATA[Clicking Login Button]]>
    </line>
    <line>
      <![CDATA[Waiting for Test menu button]]>
    </line>
    <line>
      <![CDATA[Clicking Test menu]]>
    </line>
    <line>
      <![CDATA[Test menu opened]]>
    </line>
    <line>
      <![CDATA[Opening Test Menu]]>
    </line>
    <line>
      <![CDATA[Clicking Create Test button]]>
    </line>
    <line>
      <![CDATA[Create Test button clicked]]>
    </line>
    <line>
      <![CDATA[Choosing Manual Test Creation]]>
    </line>
    <line>
      <![CDATA[Manual Creation selected]]>
    </line>
    <line>
      <![CDATA[Starting Template Creation Flow]]>
    </line>
    <line>
      <![CDATA[Clicking Create New Template]]>
    </line>
    <line>
      <![CDATA[Selecting Role]]>
    </line>
    <line>
      <![CDATA[Entering Template Name]]>
    </line>
    <line>
      <![CDATA[Selecting Template Plan]]>
    </line>
    <line>
      <![CDATA[Setting Objective Duration]]>
    </line>
    <line>
      <![CDATA[Setting Programming Duration]]>
    </line>
    <line>
      <![CDATA[Selecting Programming Language]]>
    </line>
    <line>
      <![CDATA[Clicking Save & Continue]]>
    </line>
    <line>
      <![CDATA[Waiting for Loader to disappear]]>
    </line>
    <line>
      <![CDATA[Template Created Successfully]]>
    </line>
    <line>
      <![CDATA[Starting Add All Questions Flow]]>
    </line>
    <line>
      <![CDATA[Opening Question Library Popup]]>
    </line>
    <line>
      <![CDATA[Popup is visible]]>
    </line>
    <line>
      <![CDATA[Setting Difficulty to ALL]]>
    </line>
    <line>
      <![CDATA[Adding Objective Questions]]>
    </line>
    <line>
      <![CDATA[Popup closed successfully.]]>
    </line>
    <line>
      <![CDATA[Switching to Programming Tab]]>
    </line>
    <line>
      <![CDATA[Selecting 5 programming questions]]>
    </line>
    <line>
      <![CDATA[Popup closed successfully.]]>
    </line>
    <line>
      <![CDATA[Clicking Save & Submit]]>
    </line>
    <line>
      <![CDATA[Waiting for Save button to become ACTIVE]]>
    </line>
    <line>
      <![CDATA[Save & Submit CONFIRMED.]]>
    </line>
    <line>
      <![CDATA[Finished Adding All Questions]]>
    </line>
  </reporter-output>
  <suite started-at="2026-02-06T18:16:22 IST" name="Surefire suite" finished-at="2026-02-06T18:17:42 IST" duration-ms="80713">
    <groups>
    </groups>
    <test started-at="2026-02-06T18:16:22 IST" name="Surefire test" finished-at="2026-02-06T18:17:42 IST" duration-ms="80713">
      <class name="com.bugathonframework.tests.LoginTest">
        <test-method is-config="true" signature="setUp()[pri:0, instance:com.bugathonframework.tests.LoginTest@3e92efc3]" started-at="2026-02-06T18:16:22 IST" name="setUp" finished-at="2026-02-06T18:16:29 IST" duration-ms="6973" status="PASS">
          <reporter-output>
          </reporter-output>
        </test-method> <!-- setUp -->
        <test-method signature="createAssessmentFlow()[pri:0, instance:com.bugathonframework.tests.LoginTest@3e92efc3]" started-at="2026-02-06T18:16:29 IST" name="createAssessmentFlow" finished-at="2026-02-06T18:17:42 IST" duration-ms="73382" status="PASS">
          <reporter-output>
            <line>
              <![CDATA[Entering Email]]>
            </line>
            <line>
              <![CDATA[Clicking Login Button]]>
            </line>
            <line>
              <![CDATA[Entering Email]]>
            </line>
            <line>
              <![CDATA[Entering Password]]>
            </line>
            <line>
              <![CDATA[Clicking Login Button]]>
            </line>
            <line>
              <![CDATA[Waiting for Test menu button]]>
            </line>
            <line>
              <![CDATA[Clicking Test menu]]>
            </line>
            <line>
              <![CDATA[Test menu opened]]>
            </line>
            <line>
              <![CDATA[Opening Test Menu]]>
            </line>
            <line>
              <![CDATA[Clicking Create Test button]]>
            </line>
            <line>
              <![CDATA[Create Test button clicked]]>
            </line>
            <line>
              <![CDATA[Choosing Manual Test Creation]]>
            </line>
            <line>
              <![CDATA[Manual Creation selected]]>
            </line>
            <line>
              <![CDATA[Starting Template Creation Flow]]>
            </line>
            <line>
              <![CDATA[Clicking Create New Template]]>
            </line>
            <line>
              <![CDATA[Selecting Role]]>
            </line>
            <line>
              <![CDATA[Entering Template Name]]>
            </line>
            <line>
              <![CDATA[Selecting Template Plan]]>
            </line>
            <line>
              <![CDATA[Setting Objective Duration]]>
            </line>
            <line>
              <![CDATA[Setting Programming Duration]]>
            </line>
            <line>
              <![CDATA[Selecting Programming Language]]>
            </line>
            <line>
              <![CDATA[Clicking Save & Continue]]>
            </line>
            <line>
              <![CDATA[Waiting for Loader to disappear]]>
            </line>
            <line>
              <![CDATA[Template Created Successfully]]>
            </line>
            <line>
              <![CDATA[Starting Add All Questions Flow]]>
            </line>
            <line>
              <![CDATA[Opening Question Library Popup]]>
            </line>
            <line>
              <![CDATA[Popup is visible]]>
            </line>
            <line>
              <![CDATA[Setting Difficulty to ALL]]>
            </line>
            <line>
              <![CDATA[Adding Objective Questions]]>
            </line>
            <line>
              <![CDATA[Popup closed successfully.]]>
            </line>
            <line>
              <![CDATA[Switching to Programming Tab]]>
            </line>
            <line>
              <![CDATA[Selecting 5 programming questions]]>
            </line>
            <line>
              <![CDATA[Popup closed successfully.]]>
            </line>
            <line>
              <![CDATA[Clicking Save & Submit]]>
            </line>
            <line>
              <![CDATA[Waiting for Save button to become ACTIVE]]>
            </line>
            <line>
              <![CDATA[Save & Submit CONFIRMED.]]>
            </line>
            <line>
              <![CDATA[Finished Adding All Questions]]>
            </line>
          </reporter-output>
        </test-method> <!-- createAssessmentFlow -->
        <test-method is-config="true" signature="tearDown()[pri:0, instance:com.bugathonframework.tests.LoginTest@3e92efc3]" started-at="2026-02-06T18:17:42 IST" name="tearDown" finished-at="2026-02-06T18:17:42 IST" duration-ms="299" status="PASS">
          <reporter-output>
          </reporter-output>
        </test-method> <!-- tearDown -->
      </class> <!-- com.bugathonframework.tests.LoginTest -->
    </test> <!-- Surefire test -->
  </suite> <!-- Surefire suite -->
</testng-results>
