<?xml version="1.0" encoding="UTF-8"?>
<testsuite xmlns:xsi="http://www.w3.org/2001/XMLSchema-instance" xsi:noNamespaceSchemaLocation="https://maven.apache.org/surefire/maven-surefire-plugin/xsd/surefire-test-report.xsd" version="3.0.1" name="TestSuite" time="81.216" tests="1" errors="0" skipped="0" failures="0">
  <properties>
[...]
</properties>
  <testcase name="createAssessmentFlow" classname="com.bugathonframework.tests.LoginTest" time="73.384">
    <system-out><![CDATA[>>> STEP: Entering Email
Entering Email
>>> STEP: Clicking Login Button
Clicking Login Button
No error displayed for negative login
>>> STEP: Entering Email
Entering Email
>>> STEP: Entering Password
Entering Password
>>> STEP: Clicking Login Button
Clicking Login Button
>>> STEP: Waiting for Test menu button
Waiting for Test menu button
>>> STEP: Clicking Test menu
Clicking Test menu
>>> STEP: Test menu opened
Test menu opened
>>> STEP: Opening Test Menu
Opening Test Menu
>>> STEP: Clicking Create Test button
Clicking Create Test button
>>> STEP: Create Test button clicked
Create Test button clicked
>>> STEP: Choosing Manual Test Creation
Choosing Manual Test Creation
>>> STEP: Manual Creation selected
Manual Creation selected
>>> STEP: Starting Template Creation Flow
Starting Template Creation Flow
>>> STEP: Clicking Create New Template
Clicking Create New Template
>>> STEP: Selecting Role
Selecting Role
>>> STEP: Entering Template Name
Entering Template Name
>>> STEP: Selecting Template Plan
Selecting Template Plan
>>> STEP: Setting Objective Duration
Setting Objective Duration
>>> STEP: Setting Programming Duration
Setting Programming Duration
>>> STEP: Selecting Programming Language
Selecting Programming Language
>>> STEP: Clicking Save & Continue
Clicking Save & Continue
>>> STEP: Waiting for Loader to disappear
Waiting for Loader to disappear
>>> STEP: Template Created Successfully
Template Created Successfully
>>> STEP: Starting Add All Questions Flow
Starting Add All Questions Flow
>>> STEP: Opening Question Library Popup
Opening Question Library Popup
>>> STEP: Popup is visible
Popup is visible
>>> STEP: Setting Difficulty to ALL
Setting Difficulty to ALL
>>> STEP: Adding Objective Questions
Adding Objective Questions
>>> STEP: Popup closed successfully.
Popup closed successfully.
>>> STEP: Switching to Programming Tab
Switching to Programming Tab
>>> STEP: Selecting 5 programming questions
Selecting 5 programming questions
>>> STEP: Popup closed successfully.
Popup closed successfully.
>>> STEP: Clicking Save & Submit
Clicking Save & Submit
>>> STEP: Waiting for Save button to become ACTIVE
Waiting for Save button to become ACTIVE
>>> STEP: Save & Submit CONFIRMED.
Save & Submit CONFIRMED.
>>> STEP: Finished Adding All Questions
Finished Adding All Questions
]]></system-out>
    <system-err><![CDATA[SLF4J: Failed to load class "org.slf4j.impl.StaticLoggerBinder".
SLF4J: Defaulting to no-operation (NOP) logger implementation
SLF4J: See http://www.slf4j.org/codes.html#StaticLoggerBinder for further details.
Feb 06, 2026 6:16:23 PM org.openqa.selenium.devtools.CdpVersionFinder findNearestMatch
WARNING: Unable to find CDP implementation matching 144
Feb 06, 2026 6:16:23 PM org.openqa.selenium.chromium.ChromiumDriver lambda$new$5
WARNING: Unable to find version of CDP to use for 144.0.7559.133. You may need to include a dependency on a specific version of the CDP using something similar to `org.seleniumhq.selenium:selenium-devtools-v86:4.21.0` where the version ("v86") matches the version of the chromium-based browser you're using and the version number of the artifact is the same as Selenium's.
]]></system-err>
  </testcase>
</testsuite>