<?xml version="1.0" encoding="UTF-8"?>
<!-- Generated by org.testng.reporters.JUnitReportReporter -->
<testsuite hostname="DESKTOP-J39IBOJ" failures="0" tests="1" name="com.hyrenet.tests.LoginTest" time="95.852" errors="0" timestamp="2026-02-06T16:49:25 IST" skipped="0">
  <testcase classname="com.hyrenet.tests.LoginTest" name="createAssessmentFlow" time="95.852">
    <system-out>
      <![CDATA[Entering Email
Clicking Login Button
Entering Email
Entering Password
Clicking Login Button
Waiting for Test menu button
Clicking Test menu
Test menu opened
Opening Test Menu
Clicking Create Test button
Create Test button clicked
Choosing Manual Test Creation
Manual Creation selected
Starting Template Creation Flow
Clicking Create New Template
Selecting Role
Entering Template Name
Selecting Template Plan
Setting Objective Duration
Setting Programming Duration
Selecting Programming Language
Clicking Save & Continue
Waiting for Loader to disappear
Template Created Successfully
Starting Add All Questions Flow
Opening Question Library Popup
Popup is visible
Setting Difficulty to ALL
Adding Objective Questions
Popup closed successfully.
Switching to Programming Tab
Selecting 5 programming questions
Popup closed successfully.
Clicking Save & Submit
Waiting for Save button to become ACTIVE
Save & Submit CONFIRMED.
Finished Adding All Questions]]>
    </system-out>
  </testcase> <!-- createAssessmentFlow -->
  <system-out>
    <![CDATA[Entering Email
Clicking Login Button
Entering Email
Entering Password
Clicking Login Button
Waiting for Test menu button
Clicking Test menu
Test menu opened
Opening Test Menu
Clicking Create Test button
Create Test button clicked
Choosing Manual Test Creation
Manual Creation selected
Starting Template Creation Flow
Clicking Create New Template
Selecting Role
Entering Template Name
Selecting Template Plan
Setting Objective Duration
Setting Programming Duration
Selecting Programming Language
Clicking Save & Continue
Waiting for Loader to disappear
Template Created Successfully
Starting Add All Questions Flow
Opening Question Library Popup
Popup is visible
Setting Difficulty to ALL
Adding Objective Questions
Popup closed successfully.
Switching to Programming Tab
Selecting 5 programming questions
Popup closed successfully.
Clicking Save & Submit
Waiting for Save button to become ACTIVE
Save & Submit CONFIRMED.
Finished Adding All Questions]]>
  </system-out>
</testsuite> <!-- com.hyrenet.tests.LoginTest -->
